[debug] [2026-04-27T00:52:51.830Z] ----------------------------------------------------------------------
[debug] [2026-04-27T00:52:51.833Z] Command:       /usr/local/bin/node /usr/local/bin/firebase deploy
[debug] [2026-04-27T00:52:51.833Z] CLI Version:   15.15.0
[debug] [2026-04-27T00:52:51.833Z] Platform:      darwin
[debug] [2026-04-27T00:52:51.833Z] Node Version:  v24.14.1
[debug] [2026-04-27T00:52:51.833Z] Time:          Mon Apr 27 2026 01:52:51 GMT+0100 (British Summer Time)
[debug] [2026-04-27T00:52:51.834Z] ----------------------------------------------------------------------
[debug] 
[debug] [2026-04-27T00:52:52.749Z] > command requires scopes: ["email","openid","https://www.googleapis.com/auth/cloudplatformprojects.readonly","https://www.googleapis.com/auth/firebase","https://www.googleapis.com/auth/cloud-platform"]
[debug] [2026-04-27T00:52:52.749Z] > authorizing via signed-in user (whitecrossbarbers@gmail.com)
[debug] [2026-04-27T00:52:52.749Z] [iam] checking project havuz-44f70 for permissions ["cloudfunctions.functions.create","cloudfunctions.functions.delete","cloudfunctions.functions.get","cloudfunctions.functions.list","cloudfunctions.functions.update","cloudfunctions.operations.get","firebase.projects.get"]
[debug] [2026-04-27T00:52:52.750Z] Checked if tokens are valid: true, expires at: 1777253454119
[debug] [2026-04-27T00:52:52.750Z] Checked if tokens are valid: true, expires at: 1777253454119
[debug] [2026-04-27T00:52:52.751Z] >>> [apiv2][query] POST https://cloudresourcemanager.googleapis.com/v1/projects/havuz-44f70:testIamPermissions [none]
[debug] [2026-04-27T00:52:52.751Z] >>> [apiv2][(partial)header] POST https://cloudresourcemanager.googleapis.com/v1/projects/havuz-44f70:testIamPermissions  x-goog-user-project=havuz-44f70
[debug] [2026-04-27T00:52:52.751Z] >>> [apiv2][body] POST https://cloudresourcemanager.googleapis.com/v1/projects/havuz-44f70:testIamPermissions {"permissions":["cloudfunctions.functions.create","cloudfunctions.functions.delete","cloudfunctions.functions.get","cloudfunctions.functions.list","cloudfunctions.functions.update","cloudfunctions.operations.get","firebase.projects.get"]}
[debug] [2026-04-27T00:52:53.420Z] <<< [apiv2][status] POST https://cloudresourcemanager.googleapis.com/v1/projects/havuz-44f70:testIamPermissions 200
[debug] [2026-04-27T00:52:53.420Z] <<< [apiv2][body] POST https://cloudresourcemanager.googleapis.com/v1/projects/havuz-44f70:testIamPermissions {"permissions":["cloudfunctions.functions.create","cloudfunctions.functions.delete","cloudfunctions.functions.get","cloudfunctions.functions.list","cloudfunctions.functions.update","cloudfunctions.operations.get","firebase.projects.get"]}
[debug] [2026-04-27T00:52:53.420Z] Checked if tokens are valid: true, expires at: 1777253454119
[debug] [2026-04-27T00:52:53.420Z] Checked if tokens are valid: true, expires at: 1777253454119
[debug] [2026-04-27T00:52:53.420Z] >>> [apiv2][query] POST https://iam.googleapis.com/v1/projects/havuz-44f70/serviceAccounts/havuz-44f70@appspot.gserviceaccount.com:testIamPermissions [none]
[debug] [2026-04-27T00:52:53.420Z] >>> [apiv2][body] POST https://iam.googleapis.com/v1/projects/havuz-44f70/serviceAccounts/havuz-44f70@appspot.gserviceaccount.com:testIamPermissions {"permissions":["iam.serviceAccounts.actAs"]}
[debug] [2026-04-27T00:52:54.115Z] <<< [apiv2][status] POST https://iam.googleapis.com/v1/projects/havuz-44f70/serviceAccounts/havuz-44f70@appspot.gserviceaccount.com:testIamPermissions 200
[debug] [2026-04-27T00:52:54.116Z] <<< [apiv2][body] POST https://iam.googleapis.com/v1/projects/havuz-44f70/serviceAccounts/havuz-44f70@appspot.gserviceaccount.com:testIamPermissions {"permissions":["iam.serviceAccounts.actAs"]}
[info] 
[info] === Deploying to 'havuz-44f70'...
[info] 
[info] i  deploying functions 
[debug] [2026-04-27T00:52:54.118Z] Checked if tokens are valid: true, expires at: 1777253454119
[debug] [2026-04-27T00:52:54.118Z] Checked if tokens are valid: true, expires at: 1777253454119
[debug] [2026-04-27T00:52:54.118Z] >>> [apiv2][query] GET https://cloudresourcemanager.googleapis.com/v1/projects/havuz-44f70 [none]
[debug] [2026-04-27T00:52:54.288Z] <<< [apiv2][status] GET https://cloudresourcemanager.googleapis.com/v1/projects/havuz-44f70 200
[debug] [2026-04-27T00:52:54.288Z] <<< [apiv2][body] GET https://cloudresourcemanager.googleapis.com/v1/projects/havuz-44f70 {"projectNumber":"1050766582653","projectId":"havuz-44f70","lifecycleState":"ACTIVE","name":"havuz","labels":{"firebase":"enabled","firebase-core":"disabled"},"createTime":"2026-04-20T10:12:30.991Z"}
[info] i  functions: preparing codebase whitecross for deployment 
[info] i  functions: ensuring required API cloudfunctions.googleapis.com is enabled... 
[info] i  functions: ensuring required API cloudbuild.googleapis.com is enabled... 
[info] i  artifactregistry: ensuring required API artifactregistry.googleapis.com is enabled... 
[debug] [2026-04-27T00:52:54.290Z] Checked if tokens are valid: true, expires at: 1777253454119
[debug] [2026-04-27T00:52:54.290Z] Checked if tokens are valid: true, expires at: 1777253454119
[debug] [2026-04-27T00:52:54.290Z] >>> [apiv2][query] GET https://firebase.googleapis.com/v1beta1/projects/havuz-44f70/adminSdkConfig [none]
[debug] [2026-04-27T00:52:54.641Z] <<< [apiv2][status] GET https://firebase.googleapis.com/v1beta1/projects/havuz-44f70/adminSdkConfig 200
[debug] [2026-04-27T00:52:54.641Z] <<< [apiv2][body] GET https://firebase.googleapis.com/v1beta1/projects/havuz-44f70/adminSdkConfig {"projectId":"havuz-44f70","storageBucket":"havuz-44f70.firebasestorage.app"}
[debug] [2026-04-27T00:52:54.642Z] Validating nodejs source
[debug] [2026-04-27T00:52:55.302Z] > [functions] package.json contents: {
  "name": "functions",
  "description": "Cloud Functions for Firebase",
  "scripts": {
    "serve": "firebase emulators:start --only functions",
    "shell": "firebase functions:shell",
    "start": "npm run shell",
    "deploy": "firebase deploy --only functions",
    "logs": "firebase functions:log"
  },
  "engines": {
    "node": "22"
  },
  "main": "index.js",
  "dependencies": {
    "firebase-admin": "^13.6.0",
    "firebase-functions": "^7.0.0"
  },
  "devDependencies": {
    "firebase-functions-test": "^3.4.1"
  },
  "private": true
}
[debug] [2026-04-27T00:52:55.303Z] Building nodejs source
[info] i  functions: Loading and analyzing source code for codebase whitecross to determine what to deploy 
[debug] [2026-04-27T00:52:55.303Z] Could not find functions.yaml. Must use http discovery
[debug] [2026-04-27T00:52:55.311Z] Found firebase-functions binary at '/Users/alish/Desktop/alex/whitecross-site/functions/node_modules/.bin/firebase-functions'
[info] Serving at port 8635

[debug] [2026-04-27T00:52:55.674Z] Got response from /__/functions.yaml {"endpoints":{"health":{"availableMemoryMb":null,"timeoutSeconds":null,"minInstances":null,"maxInstances":null,"ingressSettings":null,"concurrency":null,"serviceAccountEmail":null,"vpc":null,"platform":"gcfv2","labels":{},"httpsTrigger":{},"entryPoint":"health"}},"specVersion":"v1alpha1","requiredAPIs":[],"extensions":{}}
[info] i  extensions: ensuring required API firebaseextensions.googleapis.com is enabled... 
[debug] [2026-04-27T00:52:59.703Z] > command requires scopes: ["email","openid","https://www.googleapis.com/auth/cloudplatformprojects.readonly","https://www.googleapis.com/auth/firebase","https://www.googleapis.com/auth/cloud-platform"]
[debug] [2026-04-27T00:52:59.703Z] > authorizing via signed-in user (whitecrossbarbers@gmail.com)
[debug] [2026-04-27T00:52:59.703Z] [iam] checking project havuz-44f70 for permissions ["firebase.projects.get","firebaseextensions.instances.list"]
[debug] [2026-04-27T00:52:59.703Z] Checked if tokens are valid: true, expires at: 1777253454119
[debug] [2026-04-27T00:52:59.703Z] Checked if tokens are valid: true, expires at: 1777253454119
[debug] [2026-04-27T00:52:59.704Z] >>> [apiv2][query] POST https://cloudresourcemanager.googleapis.com/v1/projects/havuz-44f70:testIamPermissions [none]
[debug] [2026-04-27T00:52:59.704Z] >>> [apiv2][(partial)header] POST https://cloudresourcemanager.googleapis.com/v1/projects/havuz-44f70:testIamPermissions  x-goog-user-project=havuz-44f70
[debug] [2026-04-27T00:52:59.704Z] >>> [apiv2][body] POST https://cloudresourcemanager.googleapis.com/v1/projects/havuz-44f70:testIamPermissions {"permissions":["firebase.projects.get","firebaseextensions.instances.list"]}
[debug] [2026-04-27T00:53:00.290Z] <<< [apiv2][status] POST https://cloudresourcemanager.googleapis.com/v1/projects/havuz-44f70:testIamPermissions 200
[debug] [2026-04-27T00:53:00.290Z] <<< [apiv2][body] POST https://cloudresourcemanager.googleapis.com/v1/projects/havuz-44f70:testIamPermissions {"permissions":["firebase.projects.get","firebaseextensions.instances.list"]}
[debug] [2026-04-27T00:53:00.291Z] Checked if tokens are valid: true, expires at: 1777253454119
[debug] [2026-04-27T00:53:00.291Z] Checked if tokens are valid: true, expires at: 1777253454119
[debug] [2026-04-27T00:53:00.291Z] >>> [apiv2][query] GET https://firebaseextensions.googleapis.com/v1beta/projects/havuz-44f70/instances pageSize=100&pageToken=
[debug] [2026-04-27T00:53:01.145Z] <<< [apiv2][status] GET https://firebaseextensions.googleapis.com/v1beta/projects/havuz-44f70/instances 200
[debug] [2026-04-27T00:53:01.145Z] <<< [apiv2][body] GET https://firebaseextensions.googleapis.com/v1beta/projects/havuz-44f70/instances {}
[info] i  functions: preparing functions directory for uploading... 
[info] i  functions: packaged /Users/alish/Desktop/alex/whitecross-site/functions (70.06 KB) for uploading 
[debug] [2026-04-27T00:53:01.181Z] Checked if tokens are valid: true, expires at: 1777253454119
[debug] [2026-04-27T00:53:01.181Z] Checked if tokens are valid: true, expires at: 1777253454119
[debug] [2026-04-27T00:53:01.181Z] >>> [apiv2][query] GET https://cloudfunctions.googleapis.com/v1/projects/havuz-44f70/locations/-/functions [none]
[debug] [2026-04-27T00:53:01.991Z] <<< [apiv2][status] GET https://cloudfunctions.googleapis.com/v1/projects/havuz-44f70/locations/-/functions 200
[debug] [2026-04-27T00:53:01.991Z] <<< [apiv2][body] GET https://cloudfunctions.googleapis.com/v1/projects/havuz-44f70/locations/-/functions {}
[debug] [2026-04-27T00:53:01.993Z] Checked if tokens are valid: true, expires at: 1777253454119
[debug] [2026-04-27T00:53:01.993Z] Checked if tokens are valid: true, expires at: 1777253454119
[debug] [2026-04-27T00:53:01.994Z] >>> [apiv2][query] GET https://cloudfunctions.googleapis.com/v2/projects/havuz-44f70/locations/-/functions filter=environment%3D%22GEN_2%22
[debug] [2026-04-27T00:53:03.058Z] <<< [apiv2][status] GET https://cloudfunctions.googleapis.com/v2/projects/havuz-44f70/locations/-/functions 200
[debug] [2026-04-27T00:53:03.059Z] <<< [apiv2][body] GET https://cloudfunctions.googleapis.com/v2/projects/havuz-44f70/locations/-/functions {"functions":[{"name":"projects/havuz-44f70/locations/us-central1/functions/onBookingCreated","buildConfig":{"build":"projects/1050766582653/locations/us-central1/builds/eb9d5537-c423-4338-8fc5-34e53c674441","runtime":"nodejs20","entryPoint":"onBookingCreated","source":{"storageSource":{"bucket":"gcf-v2-sources-1050766582653-us-central1","object":"onBookingCreated/function-source.zip","generation":"1777054285285175"}},"environmentVariables":{"GOOGLE_NODE_RUN_SCRIPTS":""},"dockerRepository":"projects/havuz-44f70/locations/us-central1/repositories/gcf-artifacts","sourceProvenance":{"resolvedStorageSource":{"bucket":"gcf-v2-sources-1050766582653-us-central1","object":"onBookingCreated/function-source.zip","generation":"1777054285285175"}},"dockerRegistry":"ARTIFACT_REGISTRY","serviceAccount":"projects/havuz-44f70/serviceAccounts/1050766582653-compute@developer.gserviceaccount.com","automaticUpdatePolicy":{}},"serviceConfig":{"service":"projects/havuz-44f70/locations/us-central1/services/onbookingcreated","timeoutSeconds":60,"environmentVariables":{"FIREBASE_CONFIG":"{\"projectId\":\"havuz-44f70\",\"storageBucket\":\"havuz-44f70.firebasestorage.app\"}","GCLOUD_PROJECT":"havuz-44f70","EVENTARC_CLOUD_EVENT_SOURCE":"projects/havuz-44f70/locations/us-central1/services/onBookingCreated","FUNCTION_SIGNATURE_TYPE":"cloudevent","FUNCTION_TARGET":"onBookingCreated","LOG_EXECUTION_ID":"true"},"maxInstanceCount":12,"ingressSettings":"ALLOW_ALL","uri":"https://onbookingcreated-nq2q3jgd6a-uc.a.run.app","serviceAccountEmail":"1050766582653-compute@developer.gserviceaccount.com","availableMemory":"256Mi","allTrafficOnLatestRevision":true,"secretEnvironmentVariables":[{"key":"TELEGRAM_TOKEN","projectId":"havuz-44f70","secret":"TELEGRAM_TOKEN","version":"8"},{"key":"TELEGRAM_CHAT_IDS","projectId":"havuz-44f70","secret":"TELEGRAM_CHAT_IDS","version":"14"}],"revision":"onbookingcreated-00031-duc","maxInstanceRequestConcurrency":80,"availableCpu":"1"},"eventTrigger":{"trigger":"projects/havuz-44f70/locations/europe-west2/triggers/onbookingcreated-933965","triggerRegion":"europe-west2","eventType":"google.cloud.firestore.document.v1.created","eventFilters":[{"attribute":"database","value":"(default)"},{"attribute":"namespace","value":"(default)"},{"attribute":"document","value":"tenants/eekurt/bookings/{bookingId}","operator":"match-path-pattern"}],"pubsubTopic":"projects/havuz-44f70/topics/eventarc-europe-west2-onbookingcreated-933965-252","serviceAccountEmail":"1050766582653-compute@developer.gserviceaccount.com","retryPolicy":"RETRY_POLICY_DO_NOT_RETRY"},"state":"ACTIVE","updateTime":"2026-04-24T18:12:23.221757826Z","labels":{"deployment-tool":"cli-firebase","firebase-functions-hash":"55382c327f17ed32b91532a748ae921a9f14260e"},"environment":"GEN_2","url":"https://us-central1-havuz-44f70.cloudfunctions.net/onBookingCreated","createTime":"2026-04-21T01:02:54.108121856Z","satisfiesPzi":true},{"name":"projects/havuz-44f70/locations/us-central1/functions/onBookingUpdated","buildConfig":{"build":"projects/1050766582653/locations/us-central1/builds/71800701-2237-4519-b735-6537b27ef8e3","runtime":"nodejs20","entryPoint":"onBookingUpdated","source":{"storageSource":{"bucket":"gcf-v2-sources-1050766582653-us-central1","object":"onBookingUpdated/function-source.zip","generation":"1777054286203445"}},"environmentVariables":{"GOOGLE_NODE_RUN_SCRIPTS":""},"dockerRepository":"projects/havuz-44f70/locations/us-central1/repositories/gcf-artifacts","sourceProvenance":{"resolvedStorageSource":{"bucket":"gcf-v2-sources-1050766582653-us-central1","object":"onBookingUpdated/function-source.zip","generation":"1777054286203445"}},"dockerRegistry":"ARTIFACT_REGISTRY","serviceAccount":"projects/havuz-44f70/serviceAccounts/1050766582653-compute@developer.gserviceaccount.com","automaticUpdatePolicy":{}},"serviceConfig":{"service":"projects/havuz-44f70/locations/us-central1/services/onbookingupdated","timeoutSeconds":60,"environmentVariables":{"FIREBASE_CONFIG":"{\"projectId\":\"havuz-44f70\",\"storageBucket\":\"havuz-44f70.firebasestorage.app\"}","GCLOUD_PROJECT":"havuz-44f70","EVENTARC_CLOUD_EVENT_SOURCE":"projects/havuz-44f70/locations/us-central1/services/onBookingUpdated","FUNCTION_SIGNATURE_TYPE":"cloudevent","FUNCTION_TARGET":"onBookingUpdated","LOG_EXECUTION_ID":"true"},"maxInstanceCount":12,"ingressSettings":"ALLOW_ALL","uri":"https://onbookingupdated-nq2q3jgd6a-uc.a.run.app","serviceAccountEmail":"1050766582653-compute@developer.gserviceaccount.com","availableMemory":"256Mi","allTrafficOnLatestRevision":true,"secretEnvironmentVariables":[{"key":"TELEGRAM_TOKEN","projectId":"havuz-44f70","secret":"TELEGRAM_TOKEN","version":"8"},{"key":"TELEGRAM_CHAT_IDS","projectId":"havuz-44f70","secret":"TELEGRAM_CHAT_IDS","version":"14"}],"revision":"onbookingupdated-00014-hic","maxInstanceRequestConcurrency":80,"availableCpu":"1"},"eventTrigger":{"trigger":"projects/havuz-44f70/locations/europe-west2/triggers/onbookingupdated-065297","triggerRegion":"europe-west2","eventType":"google.cloud.firestore.document.v1.updated","eventFilters":[{"attribute":"namespace","value":"(default)"},{"attribute":"document","value":"tenants/whitecross/bookings/{bookingId}","operator":"match-path-pattern"},{"attribute":"database","value":"(default)"}],"pubsubTopic":"projects/havuz-44f70/topics/eventarc-europe-west2-onbookingupdated-065297-616","serviceAccountEmail":"1050766582653-compute@developer.gserviceaccount.com","retryPolicy":"RETRY_POLICY_DO_NOT_RETRY"},"state":"ACTIVE","updateTime":"2026-04-24T18:12:10.373789577Z","labels":{"deployment-tool":"cli-firebase","firebase-functions-hash":"7d07126742df8a330a0ac65ce9f49f7f42d08b26"},"environment":"GEN_2","url":"https://us-central1-havuz-44f70.cloudfunctions.net/onBookingUpdated","createTime":"2026-04-23T15:06:38.905496656Z","satisfiesPzi":true},{"name":"projects/havuz-44f70/locations/us-central1/functions/onWhitecrossBookingCreated","buildConfig":{"build":"projects/1050766582653/locations/us-central1/builds/d8ddd2f6-65ed-4689-ba13-a6ec69850bd9","runtime":"nodejs22","entryPoint":"onWhitecrossBookingCreated","source":{"storageSource":{"bucket":"gcf-v2-sources-1050766582653-us-central1","object":"onWhitecrossBookingCreated/function-source.zip","generation":"1777060043176323"}},"environmentVariables":{"GOOGLE_NODE_RUN_SCRIPTS":""},"dockerRepository":"projects/havuz-44f70/locations/us-central1/repositories/gcf-artifacts","sourceProvenance":{"resolvedStorageSource":{"bucket":"gcf-v2-sources-1050766582653-us-central1","object":"onWhitecrossBookingCreated/function-source.zip","generation":"1777060043176323"}},"dockerRegistry":"ARTIFACT_REGISTRY","serviceAccount":"projects/havuz-44f70/serviceAccounts/1050766582653-compute@developer.gserviceaccount.com","automaticUpdatePolicy":{}},"serviceConfig":{"service":"projects/havuz-44f70/locations/us-central1/services/onwhitecrossbookingcreated","timeoutSeconds":60,"environmentVariables":{"FIREBASE_CONFIG":"{\"projectId\":\"havuz-44f70\",\"storageBucket\":\"havuz-44f70.firebasestorage.app\"}","GCLOUD_PROJECT":"havuz-44f70","EVENTARC_CLOUD_EVENT_SOURCE":"projects/havuz-44f70/locations/us-central1/services/onWhitecrossBookingCreated","FUNCTION_SIGNATURE_TYPE":"cloudevent","FUNCTION_TARGET":"onWhitecrossBookingCreated","LOG_EXECUTION_ID":"true"},"maxInstanceCount":12,"ingressSettings":"ALLOW_ALL","uri":"https://onwhitecrossbookingcreated-nq2q3jgd6a-uc.a.run.app","serviceAccountEmail":"1050766582653-compute@developer.gserviceaccount.com","availableMemory":"256Mi","allTrafficOnLatestRevision":true,"secretEnvironmentVariables":[{"key":"WC_TELEGRAM_TOKEN","projectId":"havuz-44f70","secret":"WC_TELEGRAM_TOKEN","version":"1"},{"key":"WC_TELEGRAM_CHAT_IDS","projectId":"havuz-44f70","secret":"WC_TELEGRAM_CHAT_IDS","version":"1"}],"revision":"onwhitecrossbookingcreated-00003-yig","maxInstanceRequestConcurrency":80,"availableCpu":"1"},"eventTrigger":{"trigger":"projects/havuz-44f70/locations/europe-west2/triggers/onwhitecrossbookingcreated-993642","triggerRegion":"europe-west2","eventType":"google.cloud.firestore.document.v1.created","eventFilters":[{"attribute":"document","value":"tenants/whitecross/bookings/{bookingId}","operator":"match-path-pattern"},{"attribute":"database","value":"(default)"},{"attribute":"namespace","value":"(default)"}],"pubsubTopic":"projects/havuz-44f70/topics/eventarc-europe-west2-onwhitecrossbookingcreated-993642-814","serviceAccountEmail":"1050766582653-compute@developer.gserviceaccount.com","retryPolicy":"RETRY_POLICY_DO_NOT_RETRY"},"state":"ACTIVE","updateTime":"2026-04-24T19:48:39.943685131Z","labels":{"deployment-tool":"cli-firebase","firebase-functions-codebase":"whitecross","firebase-functions-hash":"8978af5fbe92bfe01ccd4e9c58e61e97eb02449e"},"environment":"GEN_2","url":"https://us-central1-havuz-44f70.cloudfunctions.net/onWhitecrossBookingCreated","createTime":"2026-04-24T16:39:29.458235440Z","satisfiesPzi":true},{"name":"projects/havuz-44f70/locations/us-central1/functions/getAvailability","buildConfig":{"build":"projects/1050766582653/locations/us-central1/builds/9fbfe291-fb3a-47a9-9b06-6f59577b2a9e","runtime":"nodejs20","entryPoint":"getAvailability","source":{"storageSource":{"bucket":"gcf-v2-sources-1050766582653-us-central1","object":"getAvailability/function-source.zip","generation":"1776958062017132"}},"environmentVariables":{"GOOGLE_NODE_RUN_SCRIPTS":""},"dockerRepository":"projects/havuz-44f70/locations/us-central1/repositories/gcf-artifacts","sourceProvenance":{"resolvedStorageSource":{"bucket":"gcf-v2-sources-1050766582653-us-central1","object":"getAvailability/function-source.zip","generation":"1776958062017132"}},"dockerRegistry":"ARTIFACT_REGISTRY","serviceAccount":"projects/havuz-44f70/serviceAccounts/1050766582653-compute@developer.gserviceaccount.com","automaticUpdatePolicy":{}},"serviceConfig":{"service":"projects/havuz-44f70/locations/us-central1/services/getavailability","timeoutSeconds":60,"environmentVariables":{"FIREBASE_CONFIG":"{\"projectId\":\"havuz-44f70\",\"storageBucket\":\"havuz-44f70.firebasestorage.app\"}","GCLOUD_PROJECT":"havuz-44f70","EVENTARC_CLOUD_EVENT_SOURCE":"projects/havuz-44f70/locations/us-central1/services/getAvailability","FUNCTION_TARGET":"getAvailability","LOG_EXECUTION_ID":"true"},"ingressSettings":"ALLOW_ALL","uri":"https://getavailability-nq2q3jgd6a-uc.a.run.app","serviceAccountEmail":"1050766582653-compute@developer.gserviceaccount.com","availableMemory":"256Mi","allTrafficOnLatestRevision":true,"revision":"getavailability-00001-kal","maxInstanceRequestConcurrency":80,"availableCpu":"1"},"state":"ACTIVE","updateTime":"2026-04-23T15:28:41.614441395Z","labels":{"firebase-functions-hash":"cc65a52593603b7dbbbce429d8de1d6d5e871068","deployment-tool":"cli-firebase"},"environment":"GEN_2","url":"https://us-central1-havuz-44f70.cloudfunctions.net/getAvailability","createTime":"2026-04-23T15:27:42.278846006Z","satisfiesPzi":true},{"name":"projects/havuz-44f70/locations/us-central1/functions/onBookingConfirmed","buildConfig":{"build":"projects/1050766582653/locations/us-central1/builds/874d85d6-3428-4c2d-8ea4-9877af251783","runtime":"nodejs20","entryPoint":"onBookingConfirmed","source":{"storageSource":{"bucket":"gcf-v2-sources-1050766582653-us-central1","object":"onBookingConfirmed/function-source.zip","generation":"1777054286273204"}},"environmentVariables":{"GOOGLE_NODE_RUN_SCRIPTS":""},"dockerRepository":"projects/havuz-44f70/locations/us-central1/repositories/gcf-artifacts","sourceProvenance":{"resolvedStorageSource":{"bucket":"gcf-v2-sources-1050766582653-us-central1","object":"onBookingConfirmed/function-source.zip","generation":"1777054286273204"}},"dockerRegistry":"ARTIFACT_REGISTRY","serviceAccount":"projects/havuz-44f70/serviceAccounts/1050766582653-compute@developer.gserviceaccount.com","automaticUpdatePolicy":{}},"serviceConfig":{"service":"projects/havuz-44f70/locations/us-central1/services/onbookingconfirmed","timeoutSeconds":60,"environmentVariables":{"FIREBASE_CONFIG":"{\"projectId\":\"havuz-44f70\",\"storageBucket\":\"havuz-44f70.firebasestorage.app\"}","GCLOUD_PROJECT":"havuz-44f70","EVENTARC_CLOUD_EVENT_SOURCE":"projects/havuz-44f70/locations/us-central1/services/onBookingConfirmed","FUNCTION_SIGNATURE_TYPE":"cloudevent","FUNCTION_TARGET":"onBookingConfirmed","LOG_EXECUTION_ID":"true"},"maxInstanceCount":12,"ingressSettings":"ALLOW_ALL","uri":"https://onbookingconfirmed-nq2q3jgd6a-uc.a.run.app","serviceAccountEmail":"1050766582653-compute@developer.gserviceaccount.com","availableMemory":"256Mi","allTrafficOnLatestRevision":true,"secretEnvironmentVariables":[{"key":"TELEGRAM_TOKEN","projectId":"havuz-44f70","secret":"TELEGRAM_TOKEN","version":"8"},{"key":"TELEGRAM_CHAT_IDS","projectId":"havuz-44f70","secret":"TELEGRAM_CHAT_IDS","version":"14"}],"revision":"onbookingconfirmed-00025-gic","maxInstanceRequestConcurrency":80,"availableCpu":"1"},"eventTrigger":{"trigger":"projects/havuz-44f70/locations/europe-west2/triggers/onbookingconfirmed-296068","triggerRegion":"europe-west2","eventType":"google.cloud.firestore.document.v1.updated","eventFilters":[{"attribute":"namespace","value":"(default)"},{"attribute":"document","value":"tenants/eekurt/bookings/{bookingId}","operator":"match-path-pattern"},{"attribute":"database","value":"(default)"}],"pubsubTopic":"projects/havuz-44f70/topics/eventarc-europe-west2-onbookingconfirmed-296068-332","serviceAccountEmail":"1050766582653-compute@developer.gserviceaccount.com","retryPolicy":"RETRY_POLICY_DO_NOT_RETRY"},"state":"ACTIVE","updateTime":"2026-04-24T18:12:12.465350607Z","labels":{"firebase-functions-hash":"55382c327f17ed32b91532a748ae921a9f14260e","deployment-tool":"cli-firebase"},"environment":"GEN_2","url":"https://us-central1-havuz-44f70.cloudfunctions.net/onBookingConfirmed","createTime":"2026-04-21T01:04:11.864815932Z","satisfiesPzi":true},{"name":"projects/havuz-44f70/locations/us-central1/functions/onWhitecrossBookingUpdated","buildConfig":{"build":"projects/1050766582653/locations/us-central1/builds/d8ddd2f6-65ed-4689-ba13-a6ec69850bd9","runtime":"nodejs22","entryPoint":"onWhitecrossBookingUpdated","source":{"storageSource":{"bucket":"gcf-v2-sources-1050766582653-us-central1","object":"onWhitecrossBookingUpdated/function-source.zip","generation":"1777060108263614"}},"environmentVariables":{"GOOGLE_NODE_RUN_SCRIPTS":""},"dockerRepository":"projects/havuz-44f70/locations/us-central1/repositories/gcf-artifacts","sourceProvenance":{"resolvedStorageSource":{"bucket":"gcf-v2-sources-1050766582653-us-central1","object":"onWhitecrossBookingUpdated/function-source.zip","generation":"1777060108263614"}},"dockerRegistry":"ARTIFACT_REGISTRY","serviceAccount":"projects/havuz-44f70/serviceAccounts/1050766582653-compute@developer.gserviceaccount.com","automaticUpdatePolicy":{}},"serviceConfig":{"service":"projects/havuz-44f70/locations/us-central1/services/onwhitecrossbookingupdated","timeoutSeconds":60,"environmentVariables":{"FIREBASE_CONFIG":"{\"projectId\":\"havuz-44f70\",\"storageBucket\":\"havuz-44f70.firebasestorage.app\"}","GCLOUD_PROJECT":"havuz-44f70","EVENTARC_CLOUD_EVENT_SOURCE":"projects/havuz-44f70/locations/us-central1/services/onWhitecrossBookingUpdated","FUNCTION_SIGNATURE_TYPE":"cloudevent","FUNCTION_TARGET":"onWhitecrossBookingUpdated","LOG_EXECUTION_ID":"true"},"maxInstanceCount":12,"ingressSettings":"ALLOW_ALL","uri":"https://onwhitecrossbookingupdated-nq2q3jgd6a-uc.a.run.app","serviceAccountEmail":"1050766582653-compute@developer.gserviceaccount.com","availableMemory":"256Mi","allTrafficOnLatestRevision":true,"secretEnvironmentVariables":[{"key":"WC_TELEGRAM_TOKEN","projectId":"havuz-44f70","secret":"WC_TELEGRAM_TOKEN","version":"1"},{"key":"WC_TELEGRAM_CHAT_IDS","projectId":"havuz-44f70","secret":"WC_TELEGRAM_CHAT_IDS","version":"1"}],"revision":"onwhitecrossbookingupdated-00003-fuz","maxInstanceRequestConcurrency":80,"availableCpu":"1"},"eventTrigger":{"trigger":"projects/havuz-44f70/locations/europe-west2/triggers/onwhitecrossbookingupdated-465429","triggerRegion":"europe-west2","eventType":"google.cloud.firestore.document.v1.updated","eventFilters":[{"attribute":"document","value":"tenants/whitecross/bookings/{bookingId}","operator":"match-path-pattern"},{"attribute":"database","value":"(default)"},{"attribute":"namespace","value":"(default)"}],"pubsubTopic":"projects/havuz-44f70/topics/eventarc-europe-west2-onwhitecrossbookingupdated-465429-509","serviceAccountEmail":"1050766582653-compute@developer.gserviceaccount.com","retryPolicy":"RETRY_POLICY_DO_NOT_RETRY"},"state":"ACTIVE","updateTime":"2026-04-24T19:48:40.610567243Z","labels":{"firebase-functions-codebase":"whitecross","firebase-functions-hash":"8978af5fbe92bfe01ccd4e9c58e61e97eb02449e","deployment-tool":"cli-firebase"},"environment":"GEN_2","url":"https://us-central1-havuz-44f70.cloudfunctions.net/onWhitecrossBookingUpdated","createTime":"2026-04-24T16:40:33.900069917Z","satisfiesPzi":true}]}
[info] i  functions: ensuring required API run.googleapis.com is enabled... 
[info] i  functions: ensuring required API eventarc.googleapis.com is enabled... 
[info] i  functions: ensuring required API pubsub.googleapis.com is enabled... 
[info] i  functions: ensuring required API storage.googleapis.com is enabled... 
[info] i  functions: generating the service identity for pubsub.googleapis.com... 
[debug] [2026-04-27T00:53:03.065Z] Checked if tokens are valid: true, expires at: 1777253454119
[debug] [2026-04-27T00:53:03.065Z] Checked if tokens are valid: true, expires at: 1777253454119
[info] i  functions: generating the service identity for eventarc.googleapis.com... 
[debug] [2026-04-27T00:53:03.065Z] Checked if tokens are valid: true, expires at: 1777253454119
[debug] [2026-04-27T00:53:03.065Z] Checked if tokens are valid: true, expires at: 1777253454119
[debug] [2026-04-27T00:53:03.066Z] >>> [apiv2][query] POST https://serviceusage.googleapis.com/v1beta1/projects/1050766582653/services/pubsub.googleapis.com:generateServiceIdentity [none]
[debug] [2026-04-27T00:53:03.066Z] >>> [apiv2][(partial)header] POST https://serviceusage.googleapis.com/v1beta1/projects/1050766582653/services/pubsub.googleapis.com:generateServiceIdentity  x-goog-user-project=1050766582653
[debug] [2026-04-27T00:53:03.066Z] >>> [apiv2][body] POST https://serviceusage.googleapis.com/v1beta1/projects/1050766582653/services/pubsub.googleapis.com:generateServiceIdentity {}
[debug] [2026-04-27T00:53:03.067Z] >>> [apiv2][query] POST https://serviceusage.googleapis.com/v1beta1/projects/1050766582653/services/eventarc.googleapis.com:generateServiceIdentity [none]
[debug] [2026-04-27T00:53:03.067Z] >>> [apiv2][(partial)header] POST https://serviceusage.googleapis.com/v1beta1/projects/1050766582653/services/eventarc.googleapis.com:generateServiceIdentity  x-goog-user-project=1050766582653
[debug] [2026-04-27T00:53:03.067Z] >>> [apiv2][body] POST https://serviceusage.googleapis.com/v1beta1/projects/1050766582653/services/eventarc.googleapis.com:generateServiceIdentity {}
[debug] [2026-04-27T00:53:03.897Z] <<< [apiv2][status] POST https://serviceusage.googleapis.com/v1beta1/projects/1050766582653/services/eventarc.googleapis.com:generateServiceIdentity 200
[debug] [2026-04-27T00:53:03.898Z] <<< [apiv2][body] POST https://serviceusage.googleapis.com/v1beta1/projects/1050766582653/services/eventarc.googleapis.com:generateServiceIdentity {"name":"operations/finished.DONE_OPERATION","done":true,"response":{"@type":"type.googleapis.com/google.api.serviceusage.v1beta1.ServiceIdentity","email":"service-1050766582653@gcp-sa-eventarc.iam.gserviceaccount.com","uniqueId":"116677989579928993809"}}
[debug] [2026-04-27T00:53:03.898Z] <<< [apiv2][status] POST https://serviceusage.googleapis.com/v1beta1/projects/1050766582653/services/pubsub.googleapis.com:generateServiceIdentity 200
[debug] [2026-04-27T00:53:03.898Z] <<< [apiv2][body] POST https://serviceusage.googleapis.com/v1beta1/projects/1050766582653/services/pubsub.googleapis.com:generateServiceIdentity {"name":"operations/finished.DONE_OPERATION","done":true,"response":{"@type":"type.googleapis.com/google.api.serviceusage.v1beta1.ServiceIdentity","email":"service-1050766582653@gcp-sa-pubsub.iam.gserviceaccount.com","uniqueId":"103945170674151125561"}}
[debug] [2026-04-27T00:53:03.902Z] Checked if tokens are valid: true, expires at: 1777253454119
[debug] [2026-04-27T00:53:03.903Z] Checked if tokens are valid: true, expires at: 1777253454119
[debug] [2026-04-27T00:53:03.903Z] >>> [apiv2][query] GET https://cloudresourcemanager.googleapis.com/v1/projects/havuz-44f70 [none]
[debug] [2026-04-27T00:53:04.079Z] <<< [apiv2][status] GET https://cloudresourcemanager.googleapis.com/v1/projects/havuz-44f70 200
[debug] [2026-04-27T00:53:04.079Z] <<< [apiv2][body] GET https://cloudresourcemanager.googleapis.com/v1/projects/havuz-44f70 {"projectNumber":"1050766582653","projectId":"havuz-44f70","lifecycleState":"ACTIVE","name":"havuz","labels":{"firebase":"enabled","firebase-core":"disabled"},"createTime":"2026-04-20T10:12:30.991Z"}
[debug] [2026-04-27T00:53:04.079Z] Checked if tokens are valid: true, expires at: 1777253454119
[debug] [2026-04-27T00:53:04.079Z] Checked if tokens are valid: true, expires at: 1777253454119
[debug] [2026-04-27T00:53:04.079Z] >>> [apiv2][query] GET https://compute.googleapis.com/compute/v1/projects/1050766582653 [none]
[debug] [2026-04-27T00:53:04.311Z] <<< [apiv2][status] GET https://compute.googleapis.com/compute/v1/projects/1050766582653 403
[debug] [2026-04-27T00:53:04.311Z] <<< [apiv2][body] GET https://compute.googleapis.com/compute/v1/projects/1050766582653 {"error":{"code":403,"message":"Compute Engine API has not been used in project 1050766582653 before or it is disabled. Enable it by visiting https://console.developers.google.com/apis/api/compute.googleapis.com/overview?project=1050766582653 then retry. If you enabled this API recently, wait a few minutes for the action to propagate to our systems and retry.","errors":[{"message":"Compute Engine API has not been used in project 1050766582653 before or it is disabled. Enable it by visiting https://console.developers.google.com/apis/api/compute.googleapis.com/overview?project=1050766582653 then retry. If you enabled this API recently, wait a few minutes for the action to propagate to our systems and retry.","domain":"usageLimits","reason":"accessNotConfigured","extendedHelp":"https://console.developers.google.com"}],"status":"PERMISSION_DENIED","details":[{"@type":"type.googleapis.com/google.rpc.ErrorInfo","reason":"SERVICE_DISABLED","domain":"googleapis.com","metadata":{"serviceTitle":"Compute Engine API","consumer":"projects/1050766582653","containerInfo":"1050766582653","service":"compute.googleapis.com","activationUrl":"https://console.developers.google.com/apis/api/compute.googleapis.com/overview?project=1050766582653"}},{"@type":"type.googleapis.com/google.rpc.LocalizedMessage","locale":"en-US","message":"Compute Engine API has not been used in project 1050766582653 before or it is disabled. Enable it by visiting https://console.developers.google.com/apis/api/compute.googleapis.com/overview?project=1050766582653 then retry. If you enabled this API recently, wait a few minutes for the action to propagate to our systems and retry."},{"@type":"type.googleapis.com/google.rpc.Help","links":[{"description":"Google developers console API activation","url":"https://console.developers.google.com/apis/api/compute.googleapis.com/overview?project=1050766582653"}]}]}}
[debug] [2026-04-27T00:53:04.312Z] unable to look up default compute service account. Falling back to 1050766582653-compute@developer.gserviceaccount.com. Error: {"name":"FirebaseError","children":[],"context":{"body":{"error":{"code":403,"message":"Compute Engine API has not been used in project 1050766582653 before or it is disabled. Enable it by visiting https://console.developers.google.com/apis/api/compute.googleapis.com/overview?project=1050766582653 then retry. If you enabled this API recently, wait a few minutes for the action to propagate to our systems and retry.","errors":[{"message":"Compute Engine API has not been used in project 1050766582653 before or it is disabled. Enable it by visiting https://console.developers.google.com/apis/api/compute.googleapis.com/overview?project=1050766582653 then retry. If you enabled this API recently, wait a few minutes for the action to propagate to our systems and retry.","domain":"usageLimits","reason":"accessNotConfigured","extendedHelp":"https://console.developers.google.com"}],"status":"PERMISSION_DENIED","details":[{"@type":"type.googleapis.com/google.rpc.ErrorInfo","reason":"SERVICE_DISABLED","domain":"googleapis.com","metadata":{"serviceTitle":"Compute Engine API","consumer":"projects/1050766582653","containerInfo":"1050766582653","service":"compute.googleapis.com","activationUrl":"https://console.developers.google.com/apis/api/compute.googleapis.com/overview?project=1050766582653"}},{"@type":"type.googleapis.com/google.rpc.LocalizedMessage","locale":"en-US","message":"Compute Engine API has not been used in project 1050766582653 before or it is disabled. Enable it by visiting https://console.developers.google.com/apis/api/compute.googleapis.com/overview?project=1050766582653 then retry. If you enabled this API recently, wait a few minutes for the action to propagate to our systems and retry."},{"@type":"type.googleapis.com/google.rpc.Help","links":[{"description":"Google developers console API activation","url":"https://console.developers.google.com/apis/api/compute.googleapis.com/overview?project=1050766582653"}]}]}},"response":{"statusCode":403}},"exit":1,"message":"Request to https://compute.googleapis.com/compute/v1/projects/1050766582653 had HTTP Error: 403, Compute Engine API has not been used in project 1050766582653 before or it is disabled. Enable it by visiting https://console.developers.google.com/apis/api/compute.googleapis.com/overview?project=1050766582653 then retry. If you enabled this API recently, wait a few minutes for the action to propagate to our systems and retry.","status":403}
[debug] [2026-04-27T00:53:04.313Z] Checked if tokens are valid: true, expires at: 1777253454119
[debug] [2026-04-27T00:53:04.314Z] Checked if tokens are valid: true, expires at: 1777253454119
[debug] [2026-04-27T00:53:04.314Z] >>> [apiv2][query] GET https://cloudbilling.googleapis.com/v1/projects/havuz-44f70/billingInfo [none]
[debug] [2026-04-27T00:53:04.599Z] <<< [apiv2][status] GET https://cloudbilling.googleapis.com/v1/projects/havuz-44f70/billingInfo 200
[debug] [2026-04-27T00:53:04.599Z] <<< [apiv2][body] GET https://cloudbilling.googleapis.com/v1/projects/havuz-44f70/billingInfo {"name":"projects/havuz-44f70/billingInfo","projectId":"havuz-44f70","billingAccountName":"billingAccounts/01B741-62F1F4-49A88C","billingEnabled":true}
[debug] [2026-04-27T00:53:04.600Z] [functions] found 1 new HTTP functions, testing setIamPolicy permission...
[debug] [2026-04-27T00:53:04.600Z] Checked if tokens are valid: true, expires at: 1777253454119
[debug] [2026-04-27T00:53:04.600Z] Checked if tokens are valid: true, expires at: 1777253454119
[debug] [2026-04-27T00:53:04.600Z] >>> [apiv2][query] POST https://cloudresourcemanager.googleapis.com/v1/projects/havuz-44f70:testIamPermissions [none]
[debug] [2026-04-27T00:53:04.600Z] >>> [apiv2][(partial)header] POST https://cloudresourcemanager.googleapis.com/v1/projects/havuz-44f70:testIamPermissions  x-goog-user-project=havuz-44f70
[debug] [2026-04-27T00:53:04.600Z] >>> [apiv2][body] POST https://cloudresourcemanager.googleapis.com/v1/projects/havuz-44f70:testIamPermissions {"permissions":["cloudfunctions.functions.setIamPolicy"]}
[debug] [2026-04-27T00:53:04.733Z] <<< [apiv2][status] POST https://cloudresourcemanager.googleapis.com/v1/projects/havuz-44f70:testIamPermissions 200
[debug] [2026-04-27T00:53:04.733Z] <<< [apiv2][body] POST https://cloudresourcemanager.googleapis.com/v1/projects/havuz-44f70:testIamPermissions {"permissions":["cloudfunctions.functions.setIamPolicy"]}
[debug] [2026-04-27T00:53:04.734Z] [functions] found setIamPolicy permission, proceeding with deploy
[debug] [2026-04-27T00:53:04.735Z] Checked if tokens are valid: true, expires at: 1777253454119
[debug] [2026-04-27T00:53:04.735Z] Checked if tokens are valid: true, expires at: 1777253454119
[debug] [2026-04-27T00:53:04.736Z] >>> [apiv2][query] POST https://cloudfunctions.googleapis.com/v2/projects/havuz-44f70/locations/us-central1/functions:generateUploadUrl [none]
[debug] [2026-04-27T00:53:05.527Z] <<< [apiv2][status] POST https://cloudfunctions.googleapis.com/v2/projects/havuz-44f70/locations/us-central1/functions:generateUploadUrl 200
[debug] [2026-04-27T00:53:05.527Z] <<< [apiv2][body] POST https://cloudfunctions.googleapis.com/v2/projects/havuz-44f70/locations/us-central1/functions:generateUploadUrl {"uploadUrl":"https://storage.googleapis.com/gcf-v2-uploads-1050766582653.us-central1.cloudfunctions.appspot.com/4d819c42-1aec-483a-8b03-32ea50983212.zip?GoogleAccessId=service-1050766582653@gcf-admin-robot.iam.gserviceaccount.com&Expires=1777252985&Signature=ED7eISb89GpuAoQl1f2cRxCRm4rOvuwCM7OAXV801%2Ba%2BmHtoGiLuk2W2NH7kkruoncqXiAPhUD%2F0CrDU0drgG4KSA9GP9pYVLxS0XXkqDR0suLozhEOyZfq6cdkoEJsQjR2EvD2%2BjJO8qOwzBQAcHm8efkk%2BAV5%2BI2MhCRfar65rZAqVpQI%2Bx9OaHUEK0maNik8nGuP0DKyNz4HCqEWCbrLayqmd7Fys87EWIeIDeWXPtSuFe0ZqxbFeH6k6TQf7%2BW%2FjmBI1bEDrtZKuGF0afrr6VrvEGWWxzNpEkG%2FfC5kJUM8kCqcjw5%2FKSNBA9WFasPEs6GlgrlNcmx9yOqVIzA%3D%3D","storageSource":{"bucket":"gcf-v2-uploads-1050766582653.us-central1.cloudfunctions.appspot.com","object":"4d819c42-1aec-483a-8b03-32ea50983212.zip"}}
[debug] [2026-04-27T00:53:05.528Z] >>> [apiv2][query] PUT https://storage.googleapis.com/gcf-v2-uploads-1050766582653.us-central1.cloudfunctions.appspot.com/4d819c42-1aec-483a-8b03-32ea50983212.zip GoogleAccessId=service-1050766582653%40gcf-admin-robot.iam.gserviceaccount.com&Expires=1777252985&Signature=ED7eISb89GpuAoQl1f2cRxCRm4rOvuwCM7OAXV801%2Ba%2BmHtoGiLuk2W2NH7kkruoncqXiAPhUD%2F0CrDU0drgG4KSA9GP9pYVLxS0XXkqDR0suLozhEOyZfq6cdkoEJsQjR2EvD2%2BjJO8qOwzBQAcHm8efkk%2BAV5%2BI2MhCRfar65rZAqVpQI%2Bx9OaHUEK0maNik8nGuP0DKyNz4HCqEWCbrLayqmd7Fys87EWIeIDeWXPtSuFe0ZqxbFeH6k6TQf7%2BW%2FjmBI1bEDrtZKuGF0afrr6VrvEGWWxzNpEkG%2FfC5kJUM8kCqcjw5%2FKSNBA9WFasPEs6GlgrlNcmx9yOqVIzA%3D%3D
[debug] [2026-04-27T00:53:05.528Z] >>> [apiv2][body] PUT https://storage.googleapis.com/gcf-v2-uploads-1050766582653.us-central1.cloudfunctions.appspot.com/4d819c42-1aec-483a-8b03-32ea50983212.zip [stream]
[debug] [2026-04-27T00:53:05.987Z] <<< [apiv2][status] PUT https://storage.googleapis.com/gcf-v2-uploads-1050766582653.us-central1.cloudfunctions.appspot.com/4d819c42-1aec-483a-8b03-32ea50983212.zip 200
[debug] [2026-04-27T00:53:05.987Z] <<< [apiv2][body] PUT https://storage.googleapis.com/gcf-v2-uploads-1050766582653.us-central1.cloudfunctions.appspot.com/4d819c42-1aec-483a-8b03-32ea50983212.zip [omitted]
[info] ✔  functions: functions source uploaded successfully 
[info] 
The following functions are found in your project but do not exist in your local source code:
	whitecross:onWhitecrossBookingCreated(us-central1)
	whitecross:onWhitecrossBookingUpdated(us-central1)

If you are renaming a function or changing its region, it is recommended that you create the new function first before deleting the old one to prevent event loss. For more info, visit https://firebase.google.com/docs/functions/manage-functions#modify

